# JRE version: OpenJDK Runtime Environment (11.0.2+9) (build 11.0.2+9)
# Java VM: OpenJDK 64-Bit Server VM (11.0.2+9, mixed mode, tiered, compressed oops, g1 gc, windows-amd64)
Heap:
 garbage-first heap   total 253952K, used 63356K [0x0000000709400000, 0x0000000800000000)
  region size 1024K, 45 young (46080K), 18 survivors (18432K)
 Metaspace       used 72670K, capacity 74810K, committed 74928K, reserved 1114112K
  class space    used 9547K, capacity 10429K, committed 10496K, reserved 1048576K
GC Heap History (10 events):
Event: 3.344 GC heap before
{Heap before GC invocations=4 (full 0):
 garbage-first heap   total 253952K, used 85878K [0x0000000709400000, 0x0000000800000000)
  region size 1024K, 76 young (77824K), 4 survivors (4096K)
 Metaspace       used 27409K, capacity 28286K, committed 28592K, reserved 1075200K
  class space    used 3383K, capacity 3738K, committed 3840K, reserved 1048576K
}
Event: 3.348 GC heap after
{Heap after GC invocations=5 (full 0):
 garbage-first heap   total 253952K, used 15600K [0x0000000709400000, 0x0000000800000000)
  region size 1024K, 6 young (6144K), 6 survivors (6144K)
 Metaspace       used 27409K, capacity 28286K, committed 28592K, reserved 1075200K
  class space    used 3383K, capacity 3738K, committed 3840K, reserved 1048576K
}
Event: 4.543 GC heap before
{Heap before GC invocations=5 (full 0):
 garbage-first heap   total 253952K, used 140528K [0x0000000709400000, 0x0000000800000000)
  region size 1024K, 130 young (133120K), 6 survivors (6144K)
 Metaspace       used 34586K, capacity 35832K, committed 35888K, reserved 1081344K
  class space    used 4468K, capacity 4969K, committed 4992K, reserved 1048576K
}
Event: 4.557 GC heap after
{Heap after GC invocations=6 (full 0):
 garbage-first heap   total 253952K, used 19729K [0x0000000709400000, 0x0000000800000000)
  region size 1024K, 10 young (10240K), 10 survivors (10240K)
 Metaspace       used 34586K, capacity 35832K, committed 35888K, reserved 1081344K
  class space    used 4468K, capacity 4969K, committed 4992K, reserved 1048576K
}
Event: 5.925 GC heap before
{Heap before GC invocations=7 (full 0):
 garbage-first heap   total 253952K, used 165137K [0x0000000709400000, 0x0000000800000000)
  region size 1024K, 148 young (151552K), 10 survivors (10240K)
 Metaspace       used 45375K, capacity 46844K, committed 46896K, reserved 1089536K
  class space    used 5897K, capacity 6496K, committed 6528K, reserved 1048576K
}
Event: 5.933 GC heap after
{Heap after GC invocations=8 (full 0):
 garbage-first heap   total 253952K, used 24125K [0x0000000709400000, 0x0000000800000000)
  region size 1024K, 14 young (14336K), 14 survivors (14336K)
 Metaspace       used 45375K, capacity 46844K, committed 46896K, reserved 1089536K
  class space    used 5897K, capacity 6496K, committed 6528K, reserved 1048576K
}
Event: 7.706 GC heap before
{Heap before GC invocations=8 (full 0):
 garbage-first heap   total 253952K, used 150077K [0x0000000709400000, 0x0000000800000000)
  region size 1024K, 138 young (141312K), 14 survivors (14336K)
 Metaspace       used 58262K, capacity 60090K, committed 60208K, reserved 1101824K
  class space    used 7738K, capacity 8494K, committed 8576K, reserved 1048576K
}
Event: 7.724 GC heap after
{Heap after GC invocations=9 (full 0):
 garbage-first heap   total 253952K, used 29700K [0x0000000709400000, 0x0000000800000000)
  region size 1024K, 15 young (15360K), 15 survivors (15360K)
 Metaspace       used 58262K, capacity 60090K, committed 60208K, reserved 1101824K
  class space    used 7738K, capacity 8494K, committed 8576K, reserved 1048576K
}
Event: 11.833 GC heap before
{Heap before GC invocations=10 (full 0):
 garbage-first heap   total 253952K, used 172036K [0x0000000709400000, 0x0000000800000000)
  region size 1024K, 148 young (151552K), 15 survivors (15360K)
 Metaspace       used 71124K, capacity 73214K, committed 73520K, reserved 1112064K
  class space    used 9402K, capacity 10259K, committed 10368K, reserved 1048576K
}
Event: 11.849 GC heap after
{Heap after GC invocations=11 (full 0):
 garbage-first heap   total 253952K, used 36732K [0x0000000709400000, 0x0000000800000000)
  region size 1024K, 18 young (18432K), 18 survivors (18432K)
 Metaspace       used 71124K, capacity 73214K, committed 73520K, reserved 1112064K
  class space    used 9402K, capacity 10259K, committed 10368K, reserved 1048576K
}

