# JRE version: OpenJDK Runtime Environment (11.0.2+9) (build 11.0.2+9)
# Java VM: OpenJDK 64-Bit Server VM (11.0.2+9, mixed mode, tiered, compressed oops, g1 gc, windows-amd64)
Heap:
 garbage-first heap   total 253952K, used 64016K [0x0000000709400000, 0x0000000800000000)
  region size 1024K, 45 young (46080K), 18 survivors (18432K)
 Metaspace       used 72651K, capacity 74755K, committed 74928K, reserved 1114112K
  class space    used 9545K, capacity 10431K, committed 10496K, reserved 1048576K
GC Heap History (10 events):
Event: 4.609 GC heap before
{Heap before GC invocations=5 (full 0):
 garbage-first heap   total 253952K, used 123067K [0x0000000709400000, 0x0000000800000000)
  region size 1024K, 112 young (114688K), 6 survivors (6144K)
 Metaspace       used 32959K, capacity 34108K, committed 34352K, reserved 1079296K
  class space    used 4185K, capacity 4623K, committed 4736K, reserved 1048576K
}
Event: 4.615 GC heap after
{Heap after GC invocations=6 (full 0):
 garbage-first heap   total 253952K, used 18547K [0x0000000709400000, 0x0000000800000000)
  region size 1024K, 9 young (9216K), 9 survivors (9216K)
 Metaspace       used 32959K, capacity 34108K, committed 34352K, reserved 1079296K
  class space    used 4185K, capacity 4623K, committed 4736K, reserved 1048576K
}
Event: 4.844 GC heap before
{Heap before GC invocations=6 (full 0):
 garbage-first heap   total 253952K, used 34931K [0x0000000709400000, 0x0000000800000000)
  region size 1024K, 26 young (26624K), 9 survivors (9216K)
 Metaspace       used 34599K, capacity 35832K, committed 35888K, reserved 1081344K
  class space    used 4466K, capacity 4969K, committed 4992K, reserved 1048576K
}
Event: 4.854 GC heap after
{Heap after GC invocations=7 (full 0):
 garbage-first heap   total 253952K, used 19955K [0x0000000709400000, 0x0000000800000000)
  region size 1024K, 10 young (10240K), 10 survivors (10240K)
 Metaspace       used 34599K, capacity 35832K, committed 35888K, reserved 1081344K
  class space    used 4466K, capacity 4969K, committed 4992K, reserved 1048576K
}
Event: 6.167 GC heap before
{Heap before GC invocations=8 (full 0):
 garbage-first heap   total 253952K, used 165363K [0x0000000709400000, 0x0000000800000000)
  region size 1024K, 148 young (151552K), 10 survivors (10240K)
 Metaspace       used 45283K, capacity 46716K, committed 46896K, reserved 1089536K
  class space    used 5889K, capacity 6496K, committed 6528K, reserved 1048576K
}
Event: 6.175 GC heap after
{Heap after GC invocations=9 (full 0):
 garbage-first heap   total 253952K, used 24512K [0x0000000709400000, 0x0000000800000000)
  region size 1024K, 14 young (14336K), 14 survivors (14336K)
 Metaspace       used 45283K, capacity 46716K, committed 46896K, reserved 1089536K
  class space    used 5889K, capacity 6496K, committed 6528K, reserved 1048576K
}
Event: 7.635 GC heap before
{Heap before GC invocations=9 (full 0):
 garbage-first heap   total 253952K, used 151488K [0x0000000709400000, 0x0000000800000000)
  region size 1024K, 139 young (142336K), 14 survivors (14336K)
 Metaspace       used 58227K, capacity 60090K, committed 60208K, reserved 1101824K
  class space    used 7735K, capacity 8494K, committed 8576K, reserved 1048576K
}
Event: 7.656 GC heap after
{Heap after GC invocations=10 (full 0):
 garbage-first heap   total 253952K, used 29801K [0x0000000709400000, 0x0000000800000000)
  region size 1024K, 15 young (15360K), 15 survivors (15360K)
 Metaspace       used 58227K, capacity 60090K, committed 60208K, reserved 1101824K
  class space    used 7735K, capacity 8494K, committed 8576K, reserved 1048576K
}
Event: 15.249 GC heap before
{Heap before GC invocations=11 (full 0):
 garbage-first heap   total 253952K, used 172137K [0x0000000709400000, 0x0000000800000000)
  region size 1024K, 148 young (151552K), 15 survivors (15360K)
 Metaspace       used 71080K, capacity 73220K, committed 73520K, reserved 1112064K
  class space    used 9399K, capacity 10260K, committed 10368K, reserved 1048576K
}
Event: 15.266 GC heap after
{Heap after GC invocations=12 (full 0):
 garbage-first heap   total 253952K, used 37392K [0x0000000709400000, 0x0000000800000000)
  region size 1024K, 18 young (18432K), 18 survivors (18432K)
 Metaspace       used 71080K, capacity 73220K, committed 73520K, reserved 1112064K
  class space    used 9399K, capacity 10260K, committed 10368K, reserved 1048576K
}

