# JRE version: OpenJDK Runtime Environment (11.0.2+9) (build 11.0.2+9)
# Java VM: OpenJDK 64-Bit Server VM (11.0.2+9, mixed mode, tiered, compressed oops, g1 gc, windows-amd64)
Heap:
 garbage-first heap   total 253952K, used 63821K [0x0000000709400000, 0x0000000800000000)
  region size 1024K, 45 young (46080K), 18 survivors (18432K)
 Metaspace       used 72667K, capacity 74816K, committed 74928K, reserved 1114112K
  class space    used 9546K, capacity 10430K, committed 10496K, reserved 1048576K
GC Heap History (10 events):
Event: 3.284 GC heap before
{Heap before GC invocations=4 (full 0):
 garbage-first heap   total 253952K, used 85935K [0x0000000709400000, 0x0000000800000000)
  region size 1024K, 76 young (77824K), 4 survivors (4096K)
 Metaspace       used 27016K, capacity 27893K, committed 28208K, reserved 1073152K
  class space    used 3312K, capacity 3645K, committed 3712K, reserved 1048576K
}
Event: 3.288 GC heap after
{Heap after GC invocations=5 (full 0):
 garbage-first heap   total 253952K, used 15551K [0x0000000709400000, 0x0000000800000000)
  region size 1024K, 6 young (6144K), 6 survivors (6144K)
 Metaspace       used 27016K, capacity 27893K, committed 28208K, reserved 1073152K
  class space    used 3312K, capacity 3645K, committed 3712K, reserved 1048576K
}
Event: 4.431 GC heap before
{Heap before GC invocations=5 (full 0):
 garbage-first heap   total 253952K, used 141503K [0x0000000709400000, 0x0000000800000000)
  region size 1024K, 131 young (134144K), 6 survivors (6144K)
 Metaspace       used 34584K, capacity 35829K, committed 35888K, reserved 1081344K
  class space    used 4463K, capacity 4968K, committed 4992K, reserved 1048576K
}
Event: 4.444 GC heap after
{Heap after GC invocations=6 (full 0):
 garbage-first heap   total 253952K, used 19762K [0x0000000709400000, 0x0000000800000000)
  region size 1024K, 10 young (10240K), 10 survivors (10240K)
 Metaspace       used 34584K, capacity 35829K, committed 35888K, reserved 1081344K
  class space    used 4463K, capacity 4968K, committed 4992K, reserved 1048576K
}
Event: 5.686 GC heap before
{Heap before GC invocations=7 (full 0):
 garbage-first heap   total 253952K, used 165170K [0x0000000709400000, 0x0000000800000000)
  region size 1024K, 148 young (151552K), 10 survivors (10240K)
 Metaspace       used 45299K, capacity 46780K, committed 46896K, reserved 1089536K
  class space    used 5889K, capacity 6496K, committed 6528K, reserved 1048576K
}
Event: 5.694 GC heap after
{Heap after GC invocations=8 (full 0):
 garbage-first heap   total 253952K, used 24103K [0x0000000709400000, 0x0000000800000000)
  region size 1024K, 14 young (14336K), 14 survivors (14336K)
 Metaspace       used 45299K, capacity 46780K, committed 46896K, reserved 1089536K
  class space    used 5889K, capacity 6496K, committed 6528K, reserved 1048576K
}
Event: 7.042 GC heap before
{Heap before GC invocations=8 (full 0):
 garbage-first heap   total 253952K, used 151079K [0x0000000709400000, 0x0000000800000000)
  region size 1024K, 139 young (142336K), 14 survivors (14336K)
 Metaspace       used 58256K, capacity 60091K, committed 60208K, reserved 1101824K
  class space    used 7735K, capacity 8494K, committed 8576K, reserved 1048576K
}
Event: 7.058 GC heap after
{Heap after GC invocations=9 (full 0):
 garbage-first heap   total 253952K, used 29701K [0x0000000709400000, 0x0000000800000000)
  region size 1024K, 15 young (15360K), 15 survivors (15360K)
 Metaspace       used 58256K, capacity 60091K, committed 60208K, reserved 1101824K
  class space    used 7735K, capacity 8494K, committed 8576K, reserved 1048576K
}
Event: 12.680 GC heap before
{Heap before GC invocations=10 (full 0):
 garbage-first heap   total 253952K, used 172037K [0x0000000709400000, 0x0000000800000000)
  region size 1024K, 148 young (151552K), 15 survivors (15360K)
 Metaspace       used 71104K, capacity 73220K, committed 73520K, reserved 1112064K
  class space    used 9400K, capacity 10260K, committed 10368K, reserved 1048576K
}
Event: 12.696 GC heap after
{Heap after GC invocations=11 (full 0):
 garbage-first heap   total 253952K, used 37197K [0x0000000709400000, 0x0000000800000000)
  region size 1024K, 18 young (18432K), 18 survivors (18432K)
 Metaspace       used 71104K, capacity 73220K, committed 73520K, reserved 1112064K
  class space    used 9400K, capacity 10260K, committed 10368K, reserved 1048576K
}

