# JRE version: OpenJDK Runtime Environment (11.0.2+9) (build 11.0.2+9)
# Java VM: OpenJDK 64-Bit Server VM (11.0.2+9, mixed mode, tiered, compressed oops, g1 gc, windows-amd64)
Heap:
 garbage-first heap   total 253952K, used 63937K [0x0000000709400000, 0x0000000800000000)
  region size 1024K, 45 young (46080K), 18 survivors (18432K)
 Metaspace       used 72677K, capacity 74816K, committed 74928K, reserved 1114112K
  class space    used 9548K, capacity 10430K, committed 10496K, reserved 1048576K
GC Heap History (10 events):
Event: 3.732 GC heap before
{Heap before GC invocations=4 (full 0):
 garbage-first heap   total 253952K, used 84034K [0x0000000709400000, 0x0000000800000000)
  region size 1024K, 74 young (75776K), 4 survivors (4096K)
 Metaspace       used 27245K, capacity 28097K, committed 28208K, reserved 1073152K
  class space    used 3351K, capacity 3693K, committed 3712K, reserved 1048576K
}
Event: 3.736 GC heap after
{Heap after GC invocations=5 (full 0):
 garbage-first heap   total 253952K, used 15753K [0x0000000709400000, 0x0000000800000000)
  region size 1024K, 6 young (6144K), 6 survivors (6144K)
 Metaspace       used 27245K, capacity 28097K, committed 28208K, reserved 1073152K
  class space    used 3351K, capacity 3693K, committed 3712K, reserved 1048576K
}
Event: 4.949 GC heap before
{Heap before GC invocations=5 (full 0):
 garbage-first heap   total 253952K, used 143753K [0x0000000709400000, 0x0000000800000000)
  region size 1024K, 133 young (136192K), 6 survivors (6144K)
 Metaspace       used 34607K, capacity 35832K, committed 35888K, reserved 1081344K
  class space    used 4472K, capacity 4969K, committed 4992K, reserved 1048576K
}
Event: 4.961 GC heap after
{Heap after GC invocations=6 (full 0):
 garbage-first heap   total 253952K, used 19965K [0x0000000709400000, 0x0000000800000000)
  region size 1024K, 10 young (10240K), 10 survivors (10240K)
 Metaspace       used 34607K, capacity 35832K, committed 35888K, reserved 1081344K
  class space    used 4472K, capacity 4969K, committed 4992K, reserved 1048576K
}
Event: 6.339 GC heap before
{Heap before GC invocations=7 (full 0):
 garbage-first heap   total 253952K, used 165373K [0x0000000709400000, 0x0000000800000000)
  region size 1024K, 148 young (151552K), 10 survivors (10240K)
 Metaspace       used 45345K, capacity 46844K, committed 46896K, reserved 1089536K
  class space    used 5894K, capacity 6496K, committed 6528K, reserved 1048576K
}
Event: 6.393 GC heap after
{Heap after GC invocations=8 (full 0):
 garbage-first heap   total 253952K, used 24112K [0x0000000709400000, 0x0000000800000000)
  region size 1024K, 14 young (14336K), 14 survivors (14336K)
 Metaspace       used 45345K, capacity 46844K, committed 46896K, reserved 1089536K
  class space    used 5894K, capacity 6496K, committed 6528K, reserved 1048576K
}
Event: 7.997 GC heap before
{Heap before GC invocations=8 (full 0):
 garbage-first heap   total 253952K, used 150064K [0x0000000709400000, 0x0000000800000000)
  region size 1024K, 138 young (141312K), 14 survivors (14336K)
 Metaspace       used 58265K, capacity 60090K, committed 60208K, reserved 1101824K
  class space    used 7740K, capacity 8494K, committed 8576K, reserved 1048576K
}
Event: 8.014 GC heap after
{Heap after GC invocations=9 (full 0):
 garbage-first heap   total 253952K, used 29625K [0x0000000709400000, 0x0000000800000000)
  region size 1024K, 15 young (15360K), 15 survivors (15360K)
 Metaspace       used 58265K, capacity 60090K, committed 60208K, reserved 1101824K
  class space    used 7740K, capacity 8494K, committed 8576K, reserved 1048576K
}
Event: 12.937 GC heap before
{Heap before GC invocations=10 (full 0):
 garbage-first heap   total 253952K, used 171961K [0x0000000709400000, 0x0000000800000000)
  region size 1024K, 148 young (151552K), 15 survivors (15360K)
 Metaspace       used 71106K, capacity 73220K, committed 73520K, reserved 1112064K
  class space    used 9402K, capacity 10260K, committed 10368K, reserved 1048576K
}
Event: 12.954 GC heap after
{Heap after GC invocations=11 (full 0):
 garbage-first heap   total 253952K, used 37313K [0x0000000709400000, 0x0000000800000000)
  region size 1024K, 18 young (18432K), 18 survivors (18432K)
 Metaspace       used 71106K, capacity 73220K, committed 73520K, reserved 1112064K
  class space    used 9402K, capacity 10260K, committed 10368K, reserved 1048576K
}

