# JRE version: OpenJDK Runtime Environment (11.0.2+9) (build 11.0.2+9)
# Java VM: OpenJDK 64-Bit Server VM (11.0.2+9, mixed mode, tiered, compressed oops, g1 gc, windows-amd64)
Heap:
 garbage-first heap   total 333824K, used 61062K [0x0000000709400000, 0x0000000800000000)
  region size 1024K, 43 young (44032K), 18 survivors (18432K)
 Metaspace       used 72650K, capacity 74751K, committed 74928K, reserved 1114112K
  class space    used 9546K, capacity 10430K, committed 10496K, reserved 1048576K
GC Heap History (10 events):
Event: 3.023 GC heap before
{Heap before GC invocations=4 (full 0):
 garbage-first heap   total 253952K, used 77394K [0x0000000709400000, 0x0000000800000000)
  region size 1024K, 68 young (69632K), 4 survivors (4096K)
 Metaspace       used 26965K, capacity 27829K, committed 27952K, reserved 1073152K
  class space    used 3310K, capacity 3645K, committed 3712K, reserved 1048576K
}
Event: 3.027 GC heap after
{Heap after GC invocations=5 (full 0):
 garbage-first heap   total 253952K, used 15210K [0x0000000709400000, 0x0000000800000000)
  region size 1024K, 6 young (6144K), 6 survivors (6144K)
 Metaspace       used 26965K, capacity 27829K, committed 27952K, reserved 1073152K
  class space    used 3310K, capacity 3645K, committed 3712K, reserved 1048576K
}
Event: 4.244 GC heap before
{Heap before GC invocations=5 (full 0):
 garbage-first heap   total 253952K, used 148330K [0x0000000709400000, 0x0000000800000000)
  region size 1024K, 138 young (141312K), 6 survivors (6144K)
 Metaspace       used 34606K, capacity 35832K, committed 35888K, reserved 1081344K
  class space    used 4470K, capacity 4969K, committed 4992K, reserved 1048576K
}
Event: 4.256 GC heap after
{Heap after GC invocations=6 (full 0):
 garbage-first heap   total 253952K, used 19507K [0x0000000709400000, 0x0000000800000000)
  region size 1024K, 10 young (10240K), 10 survivors (10240K)
 Metaspace       used 34606K, capacity 35832K, committed 35888K, reserved 1081344K
  class space    used 4470K, capacity 4969K, committed 4992K, reserved 1048576K
}
Event: 5.480 GC heap before
{Heap before GC invocations=7 (full 0):
 garbage-first heap   total 253952K, used 164915K [0x0000000709400000, 0x0000000800000000)
  region size 1024K, 148 young (151552K), 10 survivors (10240K)
 Metaspace       used 45292K, capacity 46780K, committed 46896K, reserved 1089536K
  class space    used 5889K, capacity 6496K, committed 6528K, reserved 1048576K
}
Event: 5.511 GC heap after
{Heap after GC invocations=8 (full 0):
 garbage-first heap   total 253952K, used 23858K [0x0000000709400000, 0x0000000800000000)
  region size 1024K, 14 young (14336K), 14 survivors (14336K)
 Metaspace       used 45292K, capacity 46780K, committed 46896K, reserved 1089536K
  class space    used 5889K, capacity 6496K, committed 6528K, reserved 1048576K
}
Event: 6.893 GC heap before
{Heap before GC invocations=8 (full 0):
 garbage-first heap   total 253952K, used 149810K [0x0000000709400000, 0x0000000800000000)
  region size 1024K, 138 young (141312K), 14 survivors (14336K)
 Metaspace       used 58260K, capacity 60090K, committed 60208K, reserved 1101824K
  class space    used 7740K, capacity 8494K, committed 8576K, reserved 1048576K
}
Event: 6.910 GC heap after
{Heap after GC invocations=9 (full 0):
 garbage-first heap   total 253952K, used 28834K [0x0000000709400000, 0x0000000800000000)
  region size 1024K, 14 young (14336K), 14 survivors (14336K)
 Metaspace       used 58260K, capacity 60090K, committed 60208K, reserved 1101824K
  class space    used 7740K, capacity 8494K, committed 8576K, reserved 1048576K
}
Event: 10.738 GC heap before
{Heap before GC invocations=10 (full 0):
 garbage-first heap   total 253952K, used 172194K [0x0000000709400000, 0x0000000800000000)
  region size 1024K, 148 young (151552K), 14 survivors (14336K)
 Metaspace       used 71406K, capacity 73543K, committed 73776K, reserved 1112064K
  class space    used 9417K, capacity 10262K, committed 10368K, reserved 1048576K
}
Event: 10.754 GC heap after
{Heap after GC invocations=11 (full 0):
 garbage-first heap   total 333824K, used 36486K [0x0000000709400000, 0x0000000800000000)
  region size 1024K, 18 young (18432K), 18 survivors (18432K)
 Metaspace       used 71406K, capacity 73543K, committed 73776K, reserved 1112064K
  class space    used 9417K, capacity 10262K, committed 10368K, reserved 1048576K
}

