# JRE version: OpenJDK Runtime Environment (11.0.2+9) (build 11.0.2+9)
# Java VM: OpenJDK 64-Bit Server VM (11.0.2+9, mixed mode, tiered, compressed oops, g1 gc, windows-amd64)
Heap:
 garbage-first heap   total 253952K, used 65074K [0x0000000709400000, 0x0000000800000000)
  region size 1024K, 47 young (48128K), 18 survivors (18432K)
 Metaspace       used 72681K, capacity 74819K, committed 74928K, reserved 1114112K
  class space    used 9549K, capacity 10431K, committed 10496K, reserved 1048576K
GC Heap History (10 events):
Event: 4.468 GC heap before
{Heap before GC invocations=4 (full 0):
 garbage-first heap   total 253952K, used 103566K [0x0000000709400000, 0x0000000800000000)
  region size 1024K, 93 young (95232K), 5 survivors (5120K)
 Metaspace       used 28727K, capacity 29682K, committed 29744K, reserved 1075200K
  class space    used 3573K, capacity 3948K, committed 3968K, reserved 1048576K
}
Event: 4.473 GC heap after
{Heap after GC invocations=5 (full 0):
 garbage-first heap   total 253952K, used 16102K [0x0000000709400000, 0x0000000800000000)
  region size 1024K, 7 young (7168K), 7 survivors (7168K)
 Metaspace       used 28727K, capacity 29682K, committed 29744K, reserved 1075200K
  class space    used 3573K, capacity 3948K, committed 3968K, reserved 1048576K
}
Event: 5.348 GC heap before
{Heap before GC invocations=5 (full 0):
 garbage-first heap   total 253952K, used 83686K [0x0000000709400000, 0x0000000800000000)
  region size 1024K, 74 young (75776K), 7 survivors (7168K)
 Metaspace       used 34596K, capacity 35832K, committed 35888K, reserved 1081344K
  class space    used 4470K, capacity 4969K, committed 4992K, reserved 1048576K
}
Event: 5.357 GC heap after
{Heap after GC invocations=6 (full 0):
 garbage-first heap   total 253952K, used 19491K [0x0000000709400000, 0x0000000800000000)
  region size 1024K, 10 young (10240K), 10 survivors (10240K)
 Metaspace       used 34596K, capacity 35832K, committed 35888K, reserved 1081344K
  class space    used 4470K, capacity 4969K, committed 4992K, reserved 1048576K
}
Event: 6.241 GC heap before
{Heap before GC invocations=7 (full 0):
 garbage-first heap   total 253952K, used 149539K [0x0000000709400000, 0x0000000800000000)
  region size 1024K, 133 young (136192K), 10 survivors (10240K)
 Metaspace       used 42249K, capacity 43620K, committed 43696K, reserved 1087488K
  class space    used 5553K, capacity 6094K, committed 6144K, reserved 1048576K
}
Event: 6.253 GC heap after
{Heap after GC invocations=8 (full 0):
 garbage-first heap   total 253952K, used 21651K [0x0000000709400000, 0x0000000800000000)
  region size 1024K, 9 young (9216K), 9 survivors (9216K)
 Metaspace       used 42249K, capacity 43620K, committed 43696K, reserved 1087488K
  class space    used 5553K, capacity 6094K, committed 6144K, reserved 1048576K
}
Event: 8.009 GC heap before
{Heap before GC invocations=8 (full 0):
 garbage-first heap   total 253952K, used 162963K [0x0000000709400000, 0x0000000800000000)
  region size 1024K, 148 young (151552K), 9 survivors (9216K)
 Metaspace       used 58253K, capacity 60090K, committed 60208K, reserved 1101824K
  class space    used 7737K, capacity 8494K, committed 8576K, reserved 1048576K
}
Event: 8.021 GC heap after
{Heap after GC invocations=9 (full 0):
 garbage-first heap   total 253952K, used 28219K [0x0000000709400000, 0x0000000800000000)
  region size 1024K, 16 young (16384K), 16 survivors (16384K)
 Metaspace       used 58253K, capacity 60090K, committed 60208K, reserved 1101824K
  class space    used 7737K, capacity 8494K, committed 8576K, reserved 1048576K
}
Event: 16.469 GC heap before
{Heap before GC invocations=10 (full 0):
 garbage-first heap   total 253952K, used 169531K [0x0000000709400000, 0x0000000800000000)
  region size 1024K, 148 young (151552K), 16 survivors (16384K)
 Metaspace       used 70987K, capacity 73063K, committed 73136K, reserved 1112064K
  class space    used 9386K, capacity 10229K, committed 10240K, reserved 1048576K
}
Event: 16.483 GC heap after
{Heap after GC invocations=11 (full 0):
 garbage-first heap   total 253952K, used 36402K [0x0000000709400000, 0x0000000800000000)
  region size 1024K, 18 young (18432K), 18 survivors (18432K)
 Metaspace       used 70987K, capacity 73063K, committed 73136K, reserved 1112064K
  class space    used 9386K, capacity 10229K, committed 10240K, reserved 1048576K
}

