# JRE version: OpenJDK Runtime Environment (11.0.2+9) (build 11.0.2+9)
# Java VM: OpenJDK 64-Bit Server VM (11.0.2+9, mixed mode, tiered, compressed oops, g1 gc, windows-amd64)
Heap:
 garbage-first heap   total 305152K, used 66874K [0x0000000709400000, 0x0000000800000000)
  region size 1024K, 48 young (49152K), 18 survivors (18432K)
 Metaspace       used 73267K, capacity 75422K, committed 75568K, reserved 1114112K
  class space    used 9626K, capacity 10503K, committed 10624K, reserved 1048576K
GC Heap History (10 events):
Event: 3.573 GC heap before
{Heap before GC invocations=5 (full 0):
 garbage-first heap   total 253952K, used 118759K [0x0000000709400000, 0x0000000800000000)
  region size 1024K, 108 young (110592K), 4 survivors (4096K)
 Metaspace       used 28075K, capacity 28988K, committed 29104K, reserved 1075200K
  class space    used 3464K, capacity 3823K, committed 3840K, reserved 1048576K
}
Event: 3.581 GC heap after
{Heap after GC invocations=6 (full 0):
 garbage-first heap   total 253952K, used 16256K [0x0000000709400000, 0x0000000800000000)
  region size 1024K, 6 young (6144K), 6 survivors (6144K)
 Metaspace       used 28075K, capacity 28988K, committed 29104K, reserved 1075200K
  class space    used 3464K, capacity 3823K, committed 3840K, reserved 1048576K
}
Event: 5.251 GC heap before
{Heap before GC invocations=6 (full 0):
 garbage-first heap   total 253952K, used 110464K [0x0000000709400000, 0x0000000800000000)
  region size 1024K, 99 young (101376K), 6 survivors (6144K)
 Metaspace       used 34588K, capacity 35832K, committed 35888K, reserved 1081344K
  class space    used 4468K, capacity 4969K, committed 4992K, reserved 1048576K
}
Event: 5.265 GC heap after
{Heap after GC invocations=7 (full 0):
 garbage-first heap   total 253952K, used 20140K [0x0000000709400000, 0x0000000800000000)
  region size 1024K, 10 young (10240K), 10 survivors (10240K)
 Metaspace       used 34588K, capacity 35832K, committed 35888K, reserved 1081344K
  class space    used 4468K, capacity 4969K, committed 4992K, reserved 1048576K
}
Event: 7.338 GC heap before
{Heap before GC invocations=8 (full 0):
 garbage-first heap   total 253952K, used 165548K [0x0000000709400000, 0x0000000800000000)
  region size 1024K, 148 young (151552K), 10 survivors (10240K)
 Metaspace       used 45502K, capacity 46975K, committed 47152K, reserved 1089536K
  class space    used 5906K, capacity 6497K, committed 6528K, reserved 1048576K
}
Event: 7.349 GC heap after
{Heap after GC invocations=9 (full 0):
 garbage-first heap   total 253952K, used 24241K [0x0000000709400000, 0x0000000800000000)
  region size 1024K, 14 young (14336K), 14 survivors (14336K)
 Metaspace       used 45502K, capacity 46975K, committed 47152K, reserved 1089536K
  class space    used 5906K, capacity 6497K, committed 6528K, reserved 1048576K
}
Event: 9.111 GC heap before
{Heap before GC invocations=9 (full 0):
 garbage-first heap   total 253952K, used 149169K [0x0000000709400000, 0x0000000800000000)
  region size 1024K, 137 young (140288K), 14 survivors (14336K)
 Metaspace       used 58250K, capacity 60091K, committed 60208K, reserved 1101824K
  class space    used 7736K, capacity 8494K, committed 8576K, reserved 1048576K
}
Event: 9.129 GC heap after
{Heap after GC invocations=10 (full 0):
 garbage-first heap   total 253952K, used 29673K [0x0000000709400000, 0x0000000800000000)
  region size 1024K, 14 young (14336K), 14 survivors (14336K)
 Metaspace       used 58250K, capacity 60091K, committed 60208K, reserved 1101824K
  class space    used 7736K, capacity 8494K, committed 8576K, reserved 1048576K
}
Event: 420.510 GC heap before
{Heap before GC invocations=11 (full 0):
 garbage-first heap   total 253952K, used 173033K [0x0000000709400000, 0x0000000800000000)
  region size 1024K, 148 young (151552K), 14 survivors (14336K)
 Metaspace       used 71523K, capacity 73666K, committed 73776K, reserved 1112064K
  class space    used 9451K, capacity 10301K, committed 10368K, reserved 1048576K
}
Event: 420.521 GC heap after
{Heap after GC invocations=12 (full 0):
 garbage-first heap   total 305152K, used 37178K [0x0000000709400000, 0x0000000800000000)
  region size 1024K, 18 young (18432K), 18 survivors (18432K)
 Metaspace       used 71523K, capacity 73666K, committed 73776K, reserved 1112064K
  class space    used 9451K, capacity 10301K, committed 10368K, reserved 1048576K
}

